<?xml version="1.0" encoding="UTF-8"?>
<testng-results ignored="0" total="1" passed="1" failed="0" skipped="0">
  <reporter-output>
  </reporter-output>
  <suite started-at="2025-01-27T18:55:27 IST" name="Suite" finished-at="2025-01-27T18:55:30 IST" duration-ms="2966">
    <groups>
    </groups>
    <test started-at="2025-01-27T18:55:27 IST" name="Test" finished-at="2025-01-27T18:55:30 IST" duration-ms="2966">
      <class name="MavenExample.MavenExample.MavenExample1">
        <test-method signature="maven()[pri:0, instance:MavenExample.MavenExample.MavenExample1@22ff4249]" started-at="2025-01-27T18:55:27 IST" name="maven" finished-at="2025-01-27T18:55:30 IST" duration-ms="2916" status="PASS">
          <reporter-output>
          </reporter-output>
        </test-method> <!-- maven -->
      </class> <!-- MavenExample.MavenExample.MavenExample1 -->
    </test> <!-- Test -->
  </suite> <!-- Suite -->
</testng-results>
