<?xml version="1.0" encoding="UTF-8"?>
<testng-results ignored="0" total="1" passed="1" failed="0" skipped="0">
  <reporter-output>
  </reporter-output>
  <suite started-at="2025-02-07T18:38:52 IST" name="Default suite" finished-at="2025-02-07T18:38:56 IST" duration-ms="4692">
    <groups>
    </groups>
    <test started-at="2025-02-07T18:38:52 IST" name="Default test" finished-at="2025-02-07T18:38:56 IST" duration-ms="4692">
      <class name="MavenExample.MavenExample.MavenExample1">
        <test-method signature="maven()[pri:0, instance:MavenExample.MavenExample.MavenExample1@45752059]" started-at="2025-02-07T18:38:52 IST" name="maven" finished-at="2025-02-07T18:38:56 IST" duration-ms="4642" status="PASS">
          <reporter-output>
          </reporter-output>
        </test-method> <!-- maven -->
      </class> <!-- MavenExample.MavenExample.MavenExample1 -->
    </test> <!-- Default test -->
  </suite> <!-- Default suite -->
</testng-results>
